<?xml version="1.0" encoding="UTF-8"?>
<!-- Generated by org.testng.reporters.JUnitReportReporter -->
<testsuite hostname="LAPTOP-MFSCPA7U" failures="0" tests="2" name="com.TesNG.PasswardDetails" time="0.011" errors="0" timestamp="2022-11-15T20:12:57 IST" skipped="0">
  <testcase classname="com.TesNG.PasswardDetails" name="tc_3" time="0.007"/>
  <system-out/>
  <testcase classname="com.TesNG.PasswardDetails" name="tc_4" time="0.004"/>
  <system-out/>
</testsuite> <!-- com.TesNG.PasswardDetails -->
