<?xml version="1.0" encoding="UTF-8"?>
<!-- Generated by org.testng.reporters.JUnitReportReporter -->
<testsuite hostname="LAPTOP-MFSCPA7U" failures="0" tests="1" name="com.TesNG.ScreenShort" time="75.491" errors="0" timestamp="2022-11-26T20:06:52 IST" skipped="0">
  <testcase classname="com.TesNG.ScreenShort" name="tc_0" time="75.491"/>
  <system-out/>
</testsuite> <!-- com.TesNG.ScreenShort -->
