<?xml version="1.0" encoding="UTF-8"?>
<!-- Generated by org.testng.reporters.JUnitReportReporter -->
<testsuite hostname="LAPTOP-MFSCPA7U" failures="0" tests="2" name="com.TesNG.Login" time="0.016" errors="0" timestamp="2022-11-30T22:00:15 IST" skipped="0">
  <testcase classname="com.TesNG.Login" name="tc_1" time="0.014"/>
  <system-out/>
  <testcase classname="com.TesNG.Login" name="tc_2" time="0.002"/>
  <system-out/>
</testsuite> <!-- com.TesNG.Login -->
