<?xml version="1.0" encoding="UTF-8"?>
<!-- Generated by org.testng.reporters.JUnitReportReporter -->
<testsuite hostname="LAPTOP-MFSCPA7U" failures="0" tests="1" name="com.TesNG.Gmaillogin" time="0.015" errors="0" timestamp="2022-11-15T20:12:57 IST" skipped="0">
  <testcase classname="com.TesNG.Gmaillogin" name="tc_5" time="0.015"/>
  <system-out/>
</testsuite> <!-- com.TesNG.Gmaillogin -->
